[01m[K/home/usuario/Documentos/GitHub/IR2117/tb3_ws/src/obstacles/src/avoidance.cpp:[m[K In function â€˜[01m[Kint main(int, char**)[m[Kâ€™:
[01m[K/home/usuario/Documentos/GitHub/IR2117/tb3_ws/src/obstacles/src/avoidance.cpp:17:20:[m[K [01;31m[Kerror: [m[Kâ€˜[01m[Kusing element_type = class rclcpp::Publisher<geometry_msgs::msg::Twist_<std::allocator<void> >, std::allocator<void> >[m[Kâ€™ {aka â€˜[01m[Kclass rclcpp::Publisher<geometry_msgs::msg::Twist_<std::allocator<void> >, std::allocator<void> >[m[Kâ€™} has no member named â€˜[01m[Kpublisher[m[Kâ€™; did you mean â€˜[01m[KPublisher[m[Kâ€™?
   17 |       publisher -> [01;31m[Kpublisher[m[K(message);
      |                    [01;31m[K^~~~~~~~~[m[K
      |                    [32m[KPublisher[m[K
make[2]: *** [CMakeFiles/avoidance.dir/build.make:63: CMakeFiles/avoidance.dir/src/avoidance.cpp.o] Error 1
make[1]: *** [CMakeFiles/Makefile2:107: CMakeFiles/avoidance.dir/all] Error 2
make: *** [Makefile:141: all] Error 2
