[0.039s] Invoking command in '/home/usuario/Documentos/GitHub/IR2117/tb3_ws/src/obstacles/build/obstacles': CMAKE_PREFIX_PATH=${CMAKE_PREFIX_PATH}:/opt/ros/foxy /usr/bin/cmake --build /home/usuario/Documentos/GitHub/IR2117/tb3_ws/src/obstacles/build/obstacles -- -j4 -l4
[0.140s] [35m[1mScanning dependencies of target detector[0m
[0.197s] [ 50%] [32mBuilding CXX object CMakeFiles/detector.dir/src/detector.cpp.o[0m
[2.902s] [01m[K/home/usuario/Documentos/GitHub/IR2117/tb3_ws/src/obstacles/src/detector.cpp:[m[K In function â€˜[01m[Kvoid callback(sensor_msgs::msg::LaserScan_<std::allocator<void> >::SharedPtr)[m[Kâ€™:
[2.903s] [01m[K/home/usuario/Documentos/GitHub/IR2117/tb3_ws/src/obstacles/src/detector.cpp:15:19:[m[K [01;31m[Kerror: [m[Kâ€˜[01m[Kobs_angle_min[m[Kâ€™ was not declared in this scope
[2.903s]    15 |     if ((angle >= [01;31m[Kobs_angle_min[m[K) and (angle <= obs_angle_max)) {
[2.903s]       |                   [01;31m[K^~~~~~~~~~~~~[m[K
[2.906s] [01m[K/home/usuario/Documentos/GitHub/IR2117/tb3_ws/src/obstacles/src/detector.cpp:15:48:[m[K [01;31m[Kerror: [m[Kâ€˜[01m[Kobs_angle_max[m[Kâ€™ was not declared in this scope
[2.907s]    15 |     if ((angle >= obs_angle_min) and (angle <= [01;31m[Kobs_angle_max[m[K)) {
[2.907s]       |                                                [01;31m[K^~~~~~~~~~~~~[m[K
[2.910s] [01m[K/home/usuario/Documentos/GitHub/IR2117/tb3_ws/src/obstacles/src/detector.cpp:16:20:[m[K [01;31m[Kerror: [m[Kâ€˜[01m[Kobs_threshold[m[Kâ€™ was not declared in this scope
[2.910s]    16 |       if (range <= [01;31m[Kobs_threshold[m[K)
[2.910s]       |                    [01;31m[K^~~~~~~~~~~~~[m[K
[2.966s] [01m[K/home/usuario/Documentos/GitHub/IR2117/tb3_ws/src/obstacles/src/detector.cpp:[m[K In function â€˜[01m[Kint main(int, char**)[m[Kâ€™:
[2.966s] [01m[K/home/usuario/Documentos/GitHub/IR2117/tb3_ws/src/obstacles/src/detector.cpp:33:10:[m[K [01;35m[Kwarning: [m[Kunused variable â€˜[01m[Kobs_angle_min[m[Kâ€™ [[01;35m[K-Wunused-variable[m[K]
[2.966s]    33 |   double [01;35m[Kobs_angle_min[m[K = node->get_parameter("obs_angle_min").get_parameter_value().get<double>();
[2.966s]       |          [01;35m[K^~~~~~~~~~~~~[m[K
[2.966s] [01m[K/home/usuario/Documentos/GitHub/IR2117/tb3_ws/src/obstacles/src/detector.cpp:34:10:[m[K [01;35m[Kwarning: [m[Kunused variable â€˜[01m[Kobs_angle_max[m[Kâ€™ [[01;35m[K-Wunused-variable[m[K]
[2.966s]    34 |   double [01;35m[Kobs_angle_max[m[K = node->get_parameter("obs_angle_max").get_parameter_value().get<double>();
[2.966s]       |          [01;35m[K^~~~~~~~~~~~~[m[K
[2.966s] [01m[K/home/usuario/Documentos/GitHub/IR2117/tb3_ws/src/obstacles/src/detector.cpp:35:10:[m[K [01;35m[Kwarning: [m[Kunused variable â€˜[01m[Kobs_threshold[m[Kâ€™ [[01;35m[K-Wunused-variable[m[K]
[2.967s]    35 |   double [01;35m[Kobs_threshold[m[K = node->get_parameter("obs_threshold").get_parameter_value().get<double>();
[2.967s]       |          [01;35m[K^~~~~~~~~~~~~[m[K
[6.127s] make[2]: *** [CMakeFiles/detector.dir/build.make:63: CMakeFiles/detector.dir/src/detector.cpp.o] Error 1
[6.127s] make[1]: *** [CMakeFiles/Makefile2:78: CMakeFiles/detector.dir/all] Error 2
[6.128s] make: *** [Makefile:141: all] Error 2
[6.135s] Invoked command in '/home/usuario/Documentos/GitHub/IR2117/tb3_ws/src/obstacles/build/obstacles' returned '2': CMAKE_PREFIX_PATH=${CMAKE_PREFIX_PATH}:/opt/ros/foxy /usr/bin/cmake --build /home/usuario/Documentos/GitHub/IR2117/tb3_ws/src/obstacles/build/obstacles -- -j4 -l4
