[35m[1mScanning dependencies of target detector[0m
[ 50%] [32mBuilding CXX object CMakeFiles/detector.dir/src/detector.cpp.o[0m
[01m[K/home/usuario/Documentos/GitHub/IR2117/tb3_ws/src/obstacles/src/detector.cpp:[m[K In function â€˜[01m[Kvoid callback(sensor_msgs::msg::LaserScan_<std::allocator<void> >::SharedPtr)[m[Kâ€™:
[01m[K/home/usuario/Documentos/GitHub/IR2117/tb3_ws/src/obstacles/src/detector.cpp:15:19:[m[K [01;31m[Kerror: [m[Kâ€˜[01m[Kobs_angle_min[m[Kâ€™ was not declared in this scope
   15 |     if ((angle >= [01;31m[Kobs_angle_min[m[K) and (angle <= obs_angle_max)) {
      |                   [01;31m[K^~~~~~~~~~~~~[m[K
[01m[K/home/usuario/Documentos/GitHub/IR2117/tb3_ws/src/obstacles/src/detector.cpp:15:48:[m[K [01;31m[Kerror: [m[Kâ€˜[01m[Kobs_angle_max[m[Kâ€™ was not declared in this scope
   15 |     if ((angle >= obs_angle_min) and (angle <= [01;31m[Kobs_angle_max[m[K)) {
      |                                                [01;31m[K^~~~~~~~~~~~~[m[K
[01m[K/home/usuario/Documentos/GitHub/IR2117/tb3_ws/src/obstacles/src/detector.cpp:16:20:[m[K [01;31m[Kerror: [m[Kâ€˜[01m[Kobs_threshold[m[Kâ€™ was not declared in this scope
   16 |       if (range <= [01;31m[Kobs_threshold[m[K)
      |                    [01;31m[K^~~~~~~~~~~~~[m[K
[01m[K/home/usuario/Documentos/GitHub/IR2117/tb3_ws/src/obstacles/src/detector.cpp:21:16:[m[K [01;31m[Kerror: [m[Kâ€˜[01m[Kusing element_type = class rclcpp::Publisher<example_interfaces::msg::Bool_<std::allocator<void> > >[m[Kâ€™ {aka â€˜[01m[Kclass rclcpp::Publisher<example_interfaces::msg::Bool_<std::allocator<void> > >[m[Kâ€™} has no member named â€˜[01m[Kpublisher[m[Kâ€™; did you mean â€˜[01m[KPublisher[m[Kâ€™?
   21 |   publisher -> [01;31m[Kpublisher[m[K(out_msg);
      |                [01;31m[K^~~~~~~~~[m[K
      |                [32m[KPublisher[m[K
[01m[K/home/usuario/Documentos/GitHub/IR2117/tb3_ws/src/obstacles/src/detector.cpp:[m[K In function â€˜[01m[Kint main(int, char**)[m[Kâ€™:
[01m[K/home/usuario/Documentos/GitHub/IR2117/tb3_ws/src/obstacles/src/detector.cpp:33:10:[m[K [01;35m[Kwarning: [m[Kunused variable â€˜[01m[Kobs_angle_min[m[Kâ€™ [[01;35m[K-Wunused-variable[m[K]
   33 |   double [01;35m[Kobs_angle_min[m[K = node->get_parameter("obs_angle_min").get_parameter_value().get<double>();
      |          [01;35m[K^~~~~~~~~~~~~[m[K
[01m[K/home/usuario/Documentos/GitHub/IR2117/tb3_ws/src/obstacles/src/detector.cpp:34:10:[m[K [01;35m[Kwarning: [m[Kunused variable â€˜[01m[Kobs_angle_max[m[Kâ€™ [[01;35m[K-Wunused-variable[m[K]
   34 |   double [01;35m[Kobs_angle_max[m[K = node->get_parameter("obs_angle_max").get_parameter_value().get<double>();
      |          [01;35m[K^~~~~~~~~~~~~[m[K
[01m[K/home/usuario/Documentos/GitHub/IR2117/tb3_ws/src/obstacles/src/detector.cpp:35:10:[m[K [01;35m[Kwarning: [m[Kunused variable â€˜[01m[Kobs_threshold[m[Kâ€™ [[01;35m[K-Wunused-variable[m[K]
   35 |   double [01;35m[Kobs_threshold[m[K = node->get_parameter("obs_threshold").get_parameter_value().get<double>();
      |          [01;35m[K^~~~~~~~~~~~~[m[K
make[2]: *** [CMakeFiles/detector.dir/build.make:63: CMakeFiles/detector.dir/src/detector.cpp.o] Error 1
make[1]: *** [CMakeFiles/Makefile2:78: CMakeFiles/detector.dir/all] Error 2
make: *** [Makefile:141: all] Error 2
