[0.000000] (-) TimerEvent: {}
[0.001292] (obstacles) JobQueued: {'identifier': 'obstacles', 'dependencies': OrderedDict()}
[0.001760] (obstacles) JobStarted: {'identifier': 'obstacles'}
[0.033790] (obstacles) JobProgress: {'identifier': 'obstacles', 'progress': 'cmake'}
[0.035592] (obstacles) JobProgress: {'identifier': 'obstacles', 'progress': 'build'}
[0.037099] (obstacles) Command: {'cmd': ['/usr/bin/cmake', '--build', '/home/usuario/Documentos/GitHub/IR2117/tb3_ws/src/obstacles/build/obstacles', '--', '-j4', '-l4'], 'cwd': '/home/usuario/Documentos/GitHub/IR2117/tb3_ws/src/obstacles/build/obstacles', 'env': OrderedDict([('GJS_DEBUG_TOPICS', 'JS ERROR;JS LOG'), ('LESSOPEN', '| /usr/bin/lesspipe %s'), ('USER', 'pablo'), ('LC_TIME', 'es_ES.UTF-8'), ('SSH_AGENT_PID', '1529'), ('XDG_SESSION_TYPE', 'x11'), ('SHLVL', '1'), ('LD_LIBRARY_PATH', '/usr/lib/x86_64-linux-gnu/gazebo-11/plugins:/opt/ros/foxy/opt/yaml_cpp_vendor/lib:/opt/ros/foxy/opt/rviz_ogre_vendor/lib:/opt/ros/foxy/lib/x86_64-linux-gnu:/opt/ros/foxy/lib'), ('HOME', '/home/pablo'), ('OLDPWD', '/home/usuario/Documentos/GitHub/IR2117/tb3_ws/src'), ('DESKTOP_SESSION', 'ubuntu'), ('ROS_PYTHON_VERSION', '3'), ('GNOME_SHELL_SESSION_MODE', 'ubuntu'), ('GTK_MODULES', 'gail:atk-bridge'), ('LC_MONETARY', 'es_ES.UTF-8'), ('MANAGERPID', '1345'), ('DBUS_SESSION_BUS_ADDRESS', 'unix:path=/run/user/1000/bus'), ('COLORTERM', 'truecolor'), ('IM_CONFIG_PHASE', '1'), ('COLCON_PREFIX_PATH', '/home/usuario/Documentos/GitHub/IR2117/tb3_ws/install'), ('ROS_DISTRO', 'foxy'), ('LOGNAME', 'pablo'), ('JOURNAL_STREAM', '8:44387'), ('_', '/usr/bin/colcon'), ('ROS_VERSION', '2'), ('XDG_SESSION_CLASS', 'user'), ('USERNAME', 'pablo'), ('TERM', 'xterm-256color'), ('GNOME_DESKTOP_SESSION_ID', 'this-is-deprecated'), ('ROS_LOCALHOST_ONLY', '0'), ('WINDOWPATH', '2'), ('PATH', '/opt/ros/foxy/bin:/usr/local/sbin:/usr/local/bin:/usr/sbin:/usr/bin:/sbin:/bin:/usr/games:/usr/local/games:/snap/bin'), ('SESSION_MANAGER', 'local/pablo-Lenovo-ideapad-110-15ISK:@/tmp/.ICE-unix/1565,unix/pablo-Lenovo-ideapad-110-15ISK:/tmp/.ICE-unix/1565'), ('INVOCATION_ID', 'c41cc3f751f0433cb1baeaff17234046'), ('XDG_MENU_PREFIX', 'gnome-'), ('LC_ADDRESS', 'es_ES.UTF-8'), ('GNOME_TERMINAL_SCREEN', '/org/gnome/Terminal/screen/fc682aa9_d9ad_4e12_a6df_5e4e0f6d8c82'), ('XDG_RUNTIME_DIR', '/run/user/1000'), ('DISPLAY', ':0'), ('LANG', 'en_US.UTF-8'), ('XDG_CURRENT_DESKTOP', 'ubuntu:GNOME'), ('LC_TELEPHONE', 'es_ES.UTF-8'), ('XMODIFIERS', '@im=ibus'), ('XDG_SESSION_DESKTOP', 'ubuntu'), ('XAUTHORITY', '/run/user/1000/gdm/Xauthority'), ('LS_COLORS', 'rs=0:di=01;34:ln=01;36:mh=00:pi=40;33:so=01;35:do=01;35:bd=40;33;01:cd=40;33;01:or=40;31;01:mi=00:su=37;41:sg=30;43:ca=30;41:tw=30;42:ow=34;42:st=37;44:ex=01;32:*.tar=01;31:*.tgz=01;31:*.arc=01;31:*.arj=01;31:*.taz=01;31:*.lha=01;31:*.lz4=01;31:*.lzh=01;31:*.lzma=01;31:*.tlz=01;31:*.txz=01;31:*.tzo=01;31:*.t7z=01;31:*.zip=01;31:*.z=01;31:*.dz=01;31:*.gz=01;31:*.lrz=01;31:*.lz=01;31:*.lzo=01;31:*.xz=01;31:*.zst=01;31:*.tzst=01;31:*.bz2=01;31:*.bz=01;31:*.tbz=01;31:*.tbz2=01;31:*.tz=01;31:*.deb=01;31:*.rpm=01;31:*.jar=01;31:*.war=01;31:*.ear=01;31:*.sar=01;31:*.rar=01;31:*.alz=01;31:*.ace=01;31:*.zoo=01;31:*.cpio=01;31:*.7z=01;31:*.rz=01;31:*.cab=01;31:*.wim=01;31:*.swm=01;31:*.dwm=01;31:*.esd=01;31:*.jpg=01;35:*.jpeg=01;35:*.mjpg=01;35:*.mjpeg=01;35:*.gif=01;35:*.bmp=01;35:*.pbm=01;35:*.pgm=01;35:*.ppm=01;35:*.tga=01;35:*.xbm=01;35:*.xpm=01;35:*.tif=01;35:*.tiff=01;35:*.png=01;35:*.svg=01;35:*.svgz=01;35:*.mng=01;35:*.pcx=01;35:*.mov=01;35:*.mpg=01;35:*.mpeg=01;35:*.m2v=01;35:*.mkv=01;35:*.webm=01;35:*.ogm=01;35:*.mp4=01;35:*.m4v=01;35:*.mp4v=01;35:*.vob=01;35:*.qt=01;35:*.nuv=01;35:*.wmv=01;35:*.asf=01;35:*.rm=01;35:*.rmvb=01;35:*.flc=01;35:*.avi=01;35:*.fli=01;35:*.flv=01;35:*.gl=01;35:*.dl=01;35:*.xcf=01;35:*.xwd=01;35:*.yuv=01;35:*.cgm=01;35:*.emf=01;35:*.ogv=01;35:*.ogx=01;35:*.aac=00;36:*.au=00;36:*.flac=00;36:*.m4a=00;36:*.mid=00;36:*.midi=00;36:*.mka=00;36:*.mp3=00;36:*.mpc=00;36:*.ogg=00;36:*.ra=00;36:*.wav=00;36:*.oga=00;36:*.opus=00;36:*.spx=00;36:*.xspf=00;36:'), ('GNOME_TERMINAL_SERVICE', ':1.87'), ('SSH_AUTH_SOCK', '/run/user/1000/keyring/ssh'), ('ROS_DOMAIN_ID', ''), ('AMENT_PREFIX_PATH', '/home/usuario/Documentos/GitHub/IR2117/tb3_ws/install/robot_trajectory:/home/usuario/Documentos/GitHub/IR2117/tb3_ws/install/obstacles:/opt/ros/foxy'), ('SHELL', '/bin/bash'), ('LC_NAME', 'es_ES.UTF-8'), ('QT_ACCESSIBILITY', '1'), ('GDMSESSION', 'ubuntu'), ('WEBOTS_HOME', '/home/usuario/webots-R2022b'), ('LESSCLOSE', '/usr/bin/lesspipe %s %s'), ('LC_MEASUREMENT', 'es_ES.UTF-8'), ('GPG_AGENT_INFO', '/run/user/1000/gnupg/S.gpg-agent:0:1'), ('GJS_DEBUG_OUTPUT', 'stderr'), ('LC_IDENTIFICATION', 'es_ES.UTF-8'), ('QT_IM_MODULE', 'ibus'), ('PWD', '/home/usuario/Documentos/GitHub/IR2117/tb3_ws/src/obstacles/build/obstacles'), ('LC_ALL', 'en_US.UTF-8'), ('XDG_CONFIG_DIRS', '/etc/xdg/xdg-ubuntu:/etc/xdg'), ('XDG_DATA_DIRS', '/usr/share/ubuntu:/usr/local/share/:/usr/share/:/var/lib/snapd/desktop'), ('PYTHONPATH', '/opt/ros/foxy/lib/python3.8/site-packages'), ('LC_NUMERIC', 'es_ES.UTF-8'), ('LC_PAPER', 'es_ES.UTF-8'), ('COLCON', '1'), ('VTE_VERSION', '6003'), ('CMAKE_PREFIX_PATH', '/home/usuario/Documentos/GitHub/IR2117/tb3_ws/install/robot_trajectory:/home/usuario/Documentos/GitHub/IR2117/tb3_ws/install/obstacles:/opt/ros/foxy')]), 'shell': False}
[0.099678] (-) TimerEvent: {}
[0.138673] (obstacles) StdoutLine: {'line': b'\x1b[35m\x1b[1mScanning dependencies of target detector\x1b[0m\n'}
[0.197820] (obstacles) StdoutLine: {'line': b'[ 50%] \x1b[32mBuilding CXX object CMakeFiles/detector.dir/src/detector.cpp.o\x1b[0m\n'}
[0.199701] (-) TimerEvent: {}
[0.300126] (-) TimerEvent: {}
[0.400509] (-) TimerEvent: {}
[0.500930] (-) TimerEvent: {}
[0.601301] (-) TimerEvent: {}
[0.701635] (-) TimerEvent: {}
[0.802026] (-) TimerEvent: {}
[0.902695] (-) TimerEvent: {}
[1.003140] (-) TimerEvent: {}
[1.103531] (-) TimerEvent: {}
[1.204006] (-) TimerEvent: {}
[1.304366] (-) TimerEvent: {}
[1.404758] (-) TimerEvent: {}
[1.505285] (-) TimerEvent: {}
[1.605728] (-) TimerEvent: {}
[1.706108] (-) TimerEvent: {}
[1.806716] (-) TimerEvent: {}
[1.907135] (-) TimerEvent: {}
[2.007530] (-) TimerEvent: {}
[2.107957] (-) TimerEvent: {}
[2.208373] (-) TimerEvent: {}
[2.308849] (-) TimerEvent: {}
[2.409455] (-) TimerEvent: {}
[2.509860] (-) TimerEvent: {}
[2.610280] (-) TimerEvent: {}
[2.710814] (-) TimerEvent: {}
[2.811216] (-) TimerEvent: {}
[2.911540] (-) TimerEvent: {}
[2.978679] (obstacles) StderrLine: {'line': b'\x1b[01m\x1b[K/home/usuario/Documentos/GitHub/IR2117/tb3_ws/src/obstacles/src/detector.cpp:9:1:\x1b[m\x1b[K \x1b[01;31m\x1b[Kerror: \x1b[m\x1b[K\xe2\x80\x98\x1b[01m\x1b[Kdoble\x1b[m\x1b[K\xe2\x80\x99 does not name a type; did you mean \xe2\x80\x98\x1b[01m\x1b[Kdouble\x1b[m\x1b[K\xe2\x80\x99?\n'}
[2.978975] (obstacles) StderrLine: {'line': b'    9 | \x1b[01;31m\x1b[Kdoble\x1b[m\x1b[K angle, obs_angle_max, obs_angle_min;\n'}
[2.979151] (obstacles) StderrLine: {'line': b'      | \x1b[01;31m\x1b[K^~~~~\x1b[m\x1b[K\n'}
[2.979254] (obstacles) StderrLine: {'line': b'      | \x1b[32m\x1b[Kdouble\x1b[m\x1b[K\n'}
[2.988851] (obstacles) StderrLine: {'line': b'\x1b[01m\x1b[K/home/usuario/Documentos/GitHub/IR2117/tb3_ws/src/obstacles/src/detector.cpp:\x1b[m\x1b[K In function \xe2\x80\x98\x1b[01m\x1b[Kvoid callback(sensor_msgs::msg::LaserScan_<std::allocator<void> >::SharedPtr)\x1b[m\x1b[K\xe2\x80\x99:\n'}
[2.989107] (obstacles) StderrLine: {'line': b'\x1b[01m\x1b[K/home/usuario/Documentos/GitHub/IR2117/tb3_ws/src/obstacles/src/detector.cpp:17:19:\x1b[m\x1b[K \x1b[01;31m\x1b[Kerror: \x1b[m\x1b[K\xe2\x80\x98\x1b[01m\x1b[Kobs_angle_min\x1b[m\x1b[K\xe2\x80\x99 was not declared in this scope\n'}
[2.989224] (obstacles) StderrLine: {'line': b'   17 |     if ((angle >= \x1b[01;31m\x1b[Kobs_angle_min\x1b[m\x1b[K) and (angle <= obs_angle_max)) {\n'}
[2.989325] (obstacles) StderrLine: {'line': b'      |                   \x1b[01;31m\x1b[K^~~~~~~~~~~~~\x1b[m\x1b[K\n'}
[2.992785] (obstacles) StderrLine: {'line': b'\x1b[01m\x1b[K/home/usuario/Documentos/GitHub/IR2117/tb3_ws/src/obstacles/src/detector.cpp:17:48:\x1b[m\x1b[K \x1b[01;31m\x1b[Kerror: \x1b[m\x1b[K\xe2\x80\x98\x1b[01m\x1b[Kobs_angle_max\x1b[m\x1b[K\xe2\x80\x99 was not declared in this scope\n'}
[2.993045] (obstacles) StderrLine: {'line': b'   17 |     if ((angle >= obs_angle_min) and (angle <= \x1b[01;31m\x1b[Kobs_angle_max\x1b[m\x1b[K)) {\n'}
[2.993160] (obstacles) StderrLine: {'line': b'      |                                                \x1b[01;31m\x1b[K^~~~~~~~~~~~~\x1b[m\x1b[K\n'}
[2.997328] (obstacles) StderrLine: {'line': b'\x1b[01m\x1b[K/home/usuario/Documentos/GitHub/IR2117/tb3_ws/src/obstacles/src/detector.cpp:18:20:\x1b[m\x1b[K \x1b[01;31m\x1b[Kerror: \x1b[m\x1b[K\xe2\x80\x98\x1b[01m\x1b[Kobs_threshold\x1b[m\x1b[K\xe2\x80\x99 was not declared in this scope\n'}
[2.997601] (obstacles) StderrLine: {'line': b'   18 |       if (range <= \x1b[01;31m\x1b[Kobs_threshold\x1b[m\x1b[K)\n'}
[2.997788] (obstacles) StderrLine: {'line': b'      |                    \x1b[01;31m\x1b[K^~~~~~~~~~~~~\x1b[m\x1b[K\n'}
[3.011646] (-) TimerEvent: {}
[3.055925] (obstacles) StderrLine: {'line': b'\x1b[01m\x1b[K/home/usuario/Documentos/GitHub/IR2117/tb3_ws/src/obstacles/src/detector.cpp:\x1b[m\x1b[K In function \xe2\x80\x98\x1b[01m\x1b[Kint main(int, char**)\x1b[m\x1b[K\xe2\x80\x99:\n'}
[3.056266] (obstacles) StderrLine: {'line': b'\x1b[01m\x1b[K/home/usuario/Documentos/GitHub/IR2117/tb3_ws/src/obstacles/src/detector.cpp:35:3:\x1b[m\x1b[K \x1b[01;31m\x1b[Kerror: \x1b[m\x1b[K\xe2\x80\x98\x1b[01m\x1b[Kobs_angle_min\x1b[m\x1b[K\xe2\x80\x99 was not declared in this scope\n'}
[3.056518] (obstacles) StderrLine: {'line': b'   35 |   \x1b[01;31m\x1b[Kobs_angle_min\x1b[m\x1b[K = node->get_parameter("obs_angle_min").get_parameter_value().get<double>();\n'}
[3.056696] (obstacles) StderrLine: {'line': b'      |   \x1b[01;31m\x1b[K^~~~~~~~~~~~~\x1b[m\x1b[K\n'}
[3.059672] (obstacles) StderrLine: {'line': b'\x1b[01m\x1b[K/home/usuario/Documentos/GitHub/IR2117/tb3_ws/src/obstacles/src/detector.cpp:36:3:\x1b[m\x1b[K \x1b[01;31m\x1b[Kerror: \x1b[m\x1b[K\xe2\x80\x98\x1b[01m\x1b[Kobs_angle_max\x1b[m\x1b[K\xe2\x80\x99 was not declared in this scope\n'}
[3.059922] (obstacles) StderrLine: {'line': b'   36 |   \x1b[01;31m\x1b[Kobs_angle_max\x1b[m\x1b[K = node->get_parameter("obs_angle_max").get_parameter_value().get<double>();\n'}
[3.060114] (obstacles) StderrLine: {'line': b'      |   \x1b[01;31m\x1b[K^~~~~~~~~~~~~\x1b[m\x1b[K\n'}
[3.063538] (obstacles) StderrLine: {'line': b'\x1b[01m\x1b[K/home/usuario/Documentos/GitHub/IR2117/tb3_ws/src/obstacles/src/detector.cpp:37:3:\x1b[m\x1b[K \x1b[01;31m\x1b[Kerror: \x1b[m\x1b[K\xe2\x80\x98\x1b[01m\x1b[Kobs_threshold\x1b[m\x1b[K\xe2\x80\x99 was not declared in this scope\n'}
[3.063734] (obstacles) StderrLine: {'line': b'   37 |   \x1b[01;31m\x1b[Kobs_threshold\x1b[m\x1b[K = node->get_parameter("obs_threshold").get_parameter_value().get<double>();\n'}
[3.063841] (obstacles) StderrLine: {'line': b'      |   \x1b[01;31m\x1b[K^~~~~~~~~~~~~\x1b[m\x1b[K\n'}
[3.111764] (-) TimerEvent: {}
[3.212187] (-) TimerEvent: {}
[3.312616] (-) TimerEvent: {}
[3.412960] (-) TimerEvent: {}
[3.513288] (-) TimerEvent: {}
[3.613653] (-) TimerEvent: {}
[3.714102] (-) TimerEvent: {}
[3.814539] (-) TimerEvent: {}
[3.914898] (-) TimerEvent: {}
[4.015299] (-) TimerEvent: {}
[4.115712] (-) TimerEvent: {}
[4.216103] (-) TimerEvent: {}
[4.316510] (-) TimerEvent: {}
[4.416877] (-) TimerEvent: {}
[4.517270] (-) TimerEvent: {}
[4.617690] (-) TimerEvent: {}
[4.718173] (-) TimerEvent: {}
[4.818583] (-) TimerEvent: {}
[4.918911] (-) TimerEvent: {}
[5.019309] (-) TimerEvent: {}
[5.119849] (-) TimerEvent: {}
[5.220263] (-) TimerEvent: {}
[5.320644] (-) TimerEvent: {}
[5.421360] (-) TimerEvent: {}
[5.521746] (-) TimerEvent: {}
[5.622098] (-) TimerEvent: {}
[5.722452] (-) TimerEvent: {}
[5.822863] (-) TimerEvent: {}
[5.923262] (-) TimerEvent: {}
[6.023684] (-) TimerEvent: {}
[6.124095] (-) TimerEvent: {}
[6.224486] (-) TimerEvent: {}
[6.324897] (obstacles) StderrLine: {'line': b'make[2]: *** [CMakeFiles/detector.dir/build.make:63: CMakeFiles/detector.dir/src/detector.cpp.o] Error 1\n'}
[6.325373] (-) TimerEvent: {}
[6.325736] (obstacles) StderrLine: {'line': b'make[1]: *** [CMakeFiles/Makefile2:78: CMakeFiles/detector.dir/all] Error 2\n'}
[6.326150] (obstacles) StderrLine: {'line': b'make: *** [Makefile:141: all] Error 2\n'}
[6.329241] (obstacles) CommandEnded: {'returncode': 2}
[6.423568] (obstacles) JobEnded: {'identifier': 'obstacles', 'rc': 2}
[6.425515] (-) TimerEvent: {}
[6.434419] (-) EventReactorShutdown: {}
