[35m[1mScanning dependencies of target avoidance[0m
[ 50%] Built target detector
[ 75%] [32mBuilding CXX object CMakeFiles/avoidance.dir/src/avoidance.cpp.o[0m
[01m[K/home/usuario/Documentos/GitHub/IR2117/tb3_ws/src/obstacles/src/avoidance.cpp:8:27:[m[K [01;31m[Kerror: [m[Kâ€˜[01m[Kexample_interfaces[m[Kâ€™ does not name a type; did you mean â€˜[01m[Krcl_interfaces[m[Kâ€™?
    8 | void callback_front(const [01;31m[Kexample_interfaces[m[K::msg::Bool::SharedPtr msg) {
      |                           [01;31m[K^~~~~~~~~~~~~~~~~~[m[K
      |                           [32m[Krcl_interfaces[m[K
[01m[K/home/usuario/Documentos/GitHub/IR2117/tb3_ws/src/obstacles/src/avoidance.cpp:8:50:[m[K [01;31m[Kerror: [m[Kexpected unqualified-id before â€˜[01m[K::[m[Kâ€™ token
    8 | void callback_front(const example_interfaces::msg[01;31m[K::[m[KBool::SharedPtr msg) {
      |                                                  [01;31m[K^~[m[K
[01m[K/home/usuario/Documentos/GitHub/IR2117/tb3_ws/src/obstacles/src/avoidance.cpp:8:50:[m[K [01;31m[Kerror: [m[Kexpected â€˜[01m[K)[m[Kâ€™ before â€˜[01m[K::[m[Kâ€™ token
    8 | void callback_front[34m[K([m[Kconst example_interfaces::msg[01;31m[K:[m[K[32m[K:[m[KBool::SharedPtr msg) {
      |                    [34m[K~[m[K                             [01;31m[K^[m[K[32m[K~[m[K
      |                                                  [32m[K)[m[K
[01m[K/home/usuario/Documentos/GitHub/IR2117/tb3_ws/src/obstacles/src/avoidance.cpp:8:50:[m[K [01;31m[Kerror: [m[Kexpected initializer before â€˜[01m[K::[m[Kâ€™ token
    8 | void callback_front(const example_interfaces::msg[01;31m[K::[m[KBool::SharedPtr msg) {
      |                                                  [01;31m[K^~[m[K
[01m[K/home/usuario/Documentos/GitHub/IR2117/tb3_ws/src/obstacles/src/avoidance.cpp:11:26:[m[K [01;31m[Kerror: [m[Kâ€˜[01m[Kexample_interfaces[m[Kâ€™ does not name a type; did you mean â€˜[01m[Krcl_interfaces[m[Kâ€™?
   11 | void callback_left(const [01;31m[Kexample_interfaces[m[K::msg::Bool::SharedPtr msg) {
      |                          [01;31m[K^~~~~~~~~~~~~~~~~~[m[K
      |                          [32m[Krcl_interfaces[m[K
[01m[K/home/usuario/Documentos/GitHub/IR2117/tb3_ws/src/obstacles/src/avoidance.cpp:11:49:[m[K [01;31m[Kerror: [m[Kexpected unqualified-id before â€˜[01m[K::[m[Kâ€™ token
   11 | void callback_left(const example_interfaces::msg[01;31m[K::[m[KBool::SharedPtr msg) {
      |                                                 [01;31m[K^~[m[K
[01m[K/home/usuario/Documentos/GitHub/IR2117/tb3_ws/src/obstacles/src/avoidance.cpp:11:49:[m[K [01;31m[Kerror: [m[Kexpected â€˜[01m[K)[m[Kâ€™ before â€˜[01m[K::[m[Kâ€™ token
   11 | void callback_left[34m[K([m[Kconst example_interfaces::msg[01;31m[K:[m[K[32m[K:[m[KBool::SharedPtr msg) {
      |                   [34m[K~[m[K                             [01;31m[K^[m[K[32m[K~[m[K
      |                                                 [32m[K)[m[K
[01m[K/home/usuario/Documentos/GitHub/IR2117/tb3_ws/src/obstacles/src/avoidance.cpp:11:49:[m[K [01;31m[Kerror: [m[Kexpected initializer before â€˜[01m[K::[m[Kâ€™ token
   11 | void callback_left(const example_interfaces::msg[01;31m[K::[m[KBool::SharedPtr msg) {
      |                                                 [01;31m[K^~[m[K
[01m[K/home/usuario/Documentos/GitHub/IR2117/tb3_ws/src/obstacles/src/avoidance.cpp:14:27:[m[K [01;31m[Kerror: [m[Kâ€˜[01m[Kexample_interfaces[m[Kâ€™ does not name a type; did you mean â€˜[01m[Krcl_interfaces[m[Kâ€™?
   14 | void callback_right(const [01;31m[Kexample_interfaces[m[K::msg::Bool::SharedPtr msg) {
      |                           [01;31m[K^~~~~~~~~~~~~~~~~~[m[K
      |                           [32m[Krcl_interfaces[m[K
[01m[K/home/usuario/Documentos/GitHub/IR2117/tb3_ws/src/obstacles/src/avoidance.cpp:14:50:[m[K [01;31m[Kerror: [m[Kexpected unqualified-id before â€˜[01m[K::[m[Kâ€™ token
   14 | void callback_right(const example_interfaces::msg[01;31m[K::[m[KBool::SharedPtr msg) {
      |                                                  [01;31m[K^~[m[K
[01m[K/home/usuario/Documentos/GitHub/IR2117/tb3_ws/src/obstacles/src/avoidance.cpp:14:50:[m[K [01;31m[Kerror: [m[Kexpected â€˜[01m[K)[m[Kâ€™ before â€˜[01m[K::[m[Kâ€™ token
   14 | void callback_right[34m[K([m[Kconst example_interfaces::msg[01;31m[K:[m[K[32m[K:[m[KBool::SharedPtr msg) {
      |                    [34m[K~[m[K                             [01;31m[K^[m[K[32m[K~[m[K
      |                                                  [32m[K)[m[K
[01m[K/home/usuario/Documentos/GitHub/IR2117/tb3_ws/src/obstacles/src/avoidance.cpp:14:50:[m[K [01;31m[Kerror: [m[Kexpected initializer before â€˜[01m[K::[m[Kâ€™ token
   14 | void callback_right(const example_interfaces::msg[01;31m[K::[m[KBool::SharedPtr msg) {
      |                                                  [01;31m[K^~[m[K
[01m[K/home/usuario/Documentos/GitHub/IR2117/tb3_ws/src/obstacles/src/avoidance.cpp:[m[K In function â€˜[01m[Kint main(int, char**)[m[Kâ€™:
[01m[K/home/usuario/Documentos/GitHub/IR2117/tb3_ws/src/obstacles/src/avoidance.cpp:22:47:[m[K [01;31m[Kerror: [m[Kâ€˜[01m[Kexample_interfaces[m[Kâ€™ was not declared in this scope; did you mean â€˜[01m[Krcl_interfaces[m[Kâ€™?
   22 |   auto subs_front = node->create_subscription<[01;31m[Kexample_interfaces[m[K::msg::Bool>("/front/obstacle", 10, callback_front);
      |                                               [01;31m[K^~~~~~~~~~~~~~~~~~[m[K
      |                                               [32m[Krcl_interfaces[m[K
[01m[K/home/usuario/Documentos/GitHub/IR2117/tb3_ws/src/obstacles/src/avoidance.cpp:22:27:[m[K [01;31m[Kerror: [m[Kparse error in template argument list
   22 |   auto subs_front = node->[01;31m[Kcreate_subscription<example_interfaces::msg::Bool>[m[K("/front/obstacle", 10, callback_front);
      |                           [01;31m[K^~~~~~~~~~~~~~~~~~~~~~~~~~~~~~~~~~~~~~~~~~~~~~~~~~[m[K
[01m[K/home/usuario/Documentos/GitHub/IR2117/tb3_ws/src/obstacles/src/avoidance.cpp:22:101:[m[K [01;31m[Kerror: [m[Kâ€˜[01m[Kcallback_front[m[Kâ€™ was not declared in this scope
   22 | cription<example_interfaces::msg::Bool>("/front/obstacle", 10, [01;31m[Kcallback_front[m[K);
      |                                                                [01;31m[K^~~~~~~~~~~~~~[m[K

[01m[K/home/usuario/Documentos/GitHub/IR2117/tb3_ws/src/obstacles/src/avoidance.cpp:23:26:[m[K [01;31m[Kerror: [m[Kparse error in template argument list
   23 |   auto subs_left = node->[01;31m[Kcreate_subscription<example_interfaces::msg::Bool>[m[K("/left/obstacle", 10, callback_left);
      |                          [01;31m[K^~~~~~~~~~~~~~~~~~~~~~~~~~~~~~~~~~~~~~~~~~~~~~~~~~[m[K
[01m[K/home/usuario/Documentos/GitHub/IR2117/tb3_ws/src/obstacles/src/avoidance.cpp:23:99:[m[K [01;31m[Kerror: [m[Kâ€˜[01m[Kcallback_left[m[Kâ€™ was not declared in this scope
   23 | bscription<example_interfaces::msg::Bool>("/left/obstacle", 10, [01;31m[Kcallback_left[m[K);
      |                                                                 [01;31m[K^~~~~~~~~~~~~[m[K

[01m[K/home/usuario/Documentos/GitHub/IR2117/tb3_ws/src/obstacles/src/avoidance.cpp:24:27:[m[K [01;31m[Kerror: [m[Kparse error in template argument list
   24 |   auto subs_front = node->[01;31m[Kcreate_subscription<example_interfaces::msg::Bool>[m[K("/front/obstacle", 10, callback_right);
      |                           [01;31m[K^~~~~~~~~~~~~~~~~~~~~~~~~~~~~~~~~~~~~~~~~~~~~~~~~~[m[K
[01m[K/home/usuario/Documentos/GitHub/IR2117/tb3_ws/src/obstacles/src/avoidance.cpp:24:101:[m[K [01;31m[Kerror: [m[Kâ€˜[01m[Kcallback_right[m[Kâ€™ was not declared in this scope
   24 | cription<example_interfaces::msg::Bool>("/front/obstacle", 10, [01;31m[Kcallback_right[m[K);
      |                                                                [01;31m[K^~~~~~~~~~~~~~[m[K

make[2]: *** [CMakeFiles/avoidance.dir/build.make:63: CMakeFiles/avoidance.dir/src/avoidance.cpp.o] Error 1
make[1]: *** [CMakeFiles/Makefile2:107: CMakeFiles/avoidance.dir/all] Error 2
make: *** [Makefile:141: all] Error 2
