[01m[K/home/usuario/Documentos/GitHub/IR2117/tb3_ws/src/obstacles/src/avoidance.cpp:[m[K In function â€˜[01m[Kint main(int, char**)[m[Kâ€™:
[01m[K/home/usuario/Documentos/GitHub/IR2117/tb3_ws/src/obstacles/src/avoidance.cpp:59:9:[m[K [01;31m[Kerror: [m[Kâ€˜[01m[KRandom[m[Kâ€™ was not declared in this scope; did you mean â€˜[01m[Krandom[m[Kâ€™?
   59 |         [01;31m[KRandom[m[K r; //declaramos la variable random
      |         [01;31m[K^~~~~~[m[K
      |         [32m[Krandom[m[K
[01m[K/home/usuario/Documentos/GitHub/IR2117/tb3_ws/src/obstacles/src/avoidance.cpp:60:25:[m[K [01;31m[Kerror: [m[Kâ€˜[01m[Kr[m[Kâ€™ was not declared in this scope
   60 |         num_aleatorio = [01;31m[Kr[m[K.Next(0, 101);
      |                         [01;31m[K^[m[K
make[2]: *** [CMakeFiles/avoidance.dir/build.make:63: CMakeFiles/avoidance.dir/src/avoidance.cpp.o] Error 1
make[1]: *** [CMakeFiles/Makefile2:107: CMakeFiles/avoidance.dir/all] Error 2
make: *** [Makefile:141: all] Error 2
