[0.025s] Invoking command in '/home/usuario/Documentos/GitHub/IR2117/tb3_ws/build/obstacles': CMAKE_PREFIX_PATH=/opt/ros/foxy /usr/bin/cmake --build /home/usuario/Documentos/GitHub/IR2117/tb3_ws/build/obstacles -- -j6 -l6
[0.058s] [35m[1mScanning dependencies of target avoidance[0m
[0.072s] [ 50%] Built target detector
[0.076s] [ 75%] [32mBuilding CXX object CMakeFiles/avoidance.dir/src/avoidance.cpp.o[0m
[1.178s] [01m[K/home/usuario/Documentos/GitHub/IR2117/tb3_ws/src/obstacles/src/avoidance.cpp:[m[K In function â€˜[01m[Kint main(int, char**)[m[Kâ€™:
[1.178s] [01m[K/home/usuario/Documentos/GitHub/IR2117/tb3_ws/src/obstacles/src/avoidance.cpp:59:9:[m[K [01;31m[Kerror: [m[Kâ€˜[01m[KRandom[m[Kâ€™ was not declared in this scope; did you mean â€˜[01m[Krandom[m[Kâ€™?
[1.178s]    59 |         [01;31m[KRandom[m[K r; //declaramos la variable random
[1.178s]       |         [01;31m[K^~~~~~[m[K
[1.178s]       |         [32m[Krandom[m[K
[1.179s] [01m[K/home/usuario/Documentos/GitHub/IR2117/tb3_ws/src/obstacles/src/avoidance.cpp:60:25:[m[K [01;31m[Kerror: [m[Kâ€˜[01m[Kr[m[Kâ€™ was not declared in this scope
[1.179s]    60 |         num_aleatorio = [01;31m[Kr[m[K.Next(0, 101);
[1.180s]       |                         [01;31m[K^[m[K
[2.572s] make[2]: *** [CMakeFiles/avoidance.dir/build.make:63: CMakeFiles/avoidance.dir/src/avoidance.cpp.o] Error 1
[2.572s] make[1]: *** [CMakeFiles/Makefile2:107: CMakeFiles/avoidance.dir/all] Error 2
[2.573s] make: *** [Makefile:141: all] Error 2
[2.574s] Invoked command in '/home/usuario/Documentos/GitHub/IR2117/tb3_ws/build/obstacles' returned '2': CMAKE_PREFIX_PATH=/opt/ros/foxy /usr/bin/cmake --build /home/usuario/Documentos/GitHub/IR2117/tb3_ws/build/obstacles -- -j6 -l6
