[0.024s] Invoking command in '/home/usuario/Documentos/GitHub/IR2117/tb3_ws/build/obstacles': CMAKE_PREFIX_PATH=/opt/ros/foxy /usr/bin/cmake --build /home/usuario/Documentos/GitHub/IR2117/tb3_ws/build/obstacles -- -j6 -l6
[0.044s] -- Found ament_cmake: 0.9.11 (/opt/ros/foxy/share/ament_cmake/cmake)
[0.063s] -- Using PYTHON_EXECUTABLE: /usr/bin/python3
[0.218s] -- Found rclcpp: 2.4.2 (/opt/ros/foxy/share/rclcpp/cmake)
[0.244s] -- Using all available rosidl_typesupport_c: rosidl_typesupport_fastrtps_c;rosidl_typesupport_introspection_c
[0.246s] -- Found rosidl_adapter: 1.3.0 (/opt/ros/foxy/share/rosidl_adapter/cmake)
[0.338s] -- Using all available rosidl_typesupport_cpp: rosidl_typesupport_fastrtps_cpp;rosidl_typesupport_introspection_cpp
[0.373s] -- Found rmw_implementation_cmake: 1.0.3 (/opt/ros/foxy/share/rmw_implementation_cmake/cmake)
[0.374s] -- Using RMW implementation 'rmw_fastrtps_cpp' as default
[0.475s] -- Found sensor_msgs: 2.0.5 (/opt/ros/foxy/share/sensor_msgs/cmake)
[0.555s] -- Found example_interfaces: 0.9.1 (/opt/ros/foxy/share/example_interfaces/cmake)
[0.633s] -- Found ament_lint_auto: 0.9.7 (/opt/ros/foxy/share/ament_lint_auto/cmake)
[0.697s] -- Added test 'copyright' to check source files copyright and LICENSE
[0.703s] -- Added test 'cppcheck' to perform static code analysis on C / C++ code
[0.703s] -- Configured cppcheck include dirs: 
[0.704s] -- Configured cppcheck exclude dirs and/or files: 
[0.710s] -- Added test 'cpplint' to check C / C++ code against the Google style
[0.710s] -- Configured cpplint exclude dirs and/or files: 
[0.711s] -- Added test 'flake8' to check Python code syntax and style conventions
[0.713s] -- Added test 'lint_cmake' to check CMake code style
[0.714s] -- Added test 'pep257' to check Python code against some of the style conventions in PEP 257
[0.721s] -- Added test 'uncrustify' to check C / C++ code style
[0.721s] -- Configured uncrustify additional arguments: 
[0.722s] -- Added test 'xmllint' to check XML markup files
[0.726s] -- Configuring done
[0.746s] -- Generating done
[0.749s] -- Build files have been written to: /home/usuario/Documentos/GitHub/IR2117/tb3_ws/build/obstacles
[0.778s] [35m[1mScanning dependencies of target avoidance[0m
[0.779s] [35m[1mScanning dependencies of target detector[0m
[0.798s] [ 50%] [32mBuilding CXX object CMakeFiles/avoidance.dir/src/avoidance.cpp.o[0m
[0.798s] [ 50%] [32mBuilding CXX object CMakeFiles/detector.dir/src/detector.cpp.o[0m
[1.741s] [01m[K/home/usuario/Documentos/GitHub/IR2117/tb3_ws/src/obstacles/src/avoidance.cpp:[m[K In function â€˜[01m[Kvoid callback_front(example_interfaces::msg::Bool_<std::allocator<void> >::SharedPtr)[m[Kâ€™:
[1.742s] [01m[K/home/usuario/Documentos/GitHub/IR2117/tb3_ws/src/obstacles/src/avoidance.cpp:12:13:[m[K [01;31m[Kerror: [m[Kcannot convert â€˜[01m[Kconst SharedPtr[m[Kâ€™ {aka â€˜[01m[Kconst std::shared_ptr<example_interfaces::msg::Bool_<std::allocator<void> > >[m[Kâ€™} to â€˜[01m[Kbool[m[Kâ€™ in assignment
[1.742s]    12 |     front = [01;31m[Kmsg[m[K;
[1.742s]       |             [01;31m[K^~~[m[K
[1.742s]       |             [01;31m[K|[m[K
[1.742s]       |             [01;31m[Kconst SharedPtr {aka const std::shared_ptr<example_interfaces::msg::Bool_<std::allocator<void> > >}[m[K
[1.742s] [01m[K/home/usuario/Documentos/GitHub/IR2117/tb3_ws/src/obstacles/src/avoidance.cpp:[m[K In function â€˜[01m[Kvoid callback_left(example_interfaces::msg::Bool_<std::allocator<void> >::SharedPtr)[m[Kâ€™:
[1.742s] [01m[K/home/usuario/Documentos/GitHub/IR2117/tb3_ws/src/obstacles/src/avoidance.cpp:16:12:[m[K [01;31m[Kerror: [m[Kcannot convert â€˜[01m[Kconst SharedPtr[m[Kâ€™ {aka â€˜[01m[Kconst std::shared_ptr<example_interfaces::msg::Bool_<std::allocator<void> > >[m[Kâ€™} to â€˜[01m[Kbool[m[Kâ€™ in assignment
[1.742s]    16 |     left = [01;31m[Kmsg[m[K;
[1.742s]       |            [01;31m[K^~~[m[K
[1.742s]       |            [01;31m[K|[m[K
[1.742s]       |            [01;31m[Kconst SharedPtr {aka const std::shared_ptr<example_interfaces::msg::Bool_<std::allocator<void> > >}[m[K
[1.742s] [01m[K/home/usuario/Documentos/GitHub/IR2117/tb3_ws/src/obstacles/src/avoidance.cpp:[m[K In function â€˜[01m[Kvoid callback_right(example_interfaces::msg::Bool_<std::allocator<void> >::SharedPtr)[m[Kâ€™:
[1.742s] [01m[K/home/usuario/Documentos/GitHub/IR2117/tb3_ws/src/obstacles/src/avoidance.cpp:20:13:[m[K [01;31m[Kerror: [m[Kcannot convert â€˜[01m[Kconst SharedPtr[m[Kâ€™ {aka â€˜[01m[Kconst std::shared_ptr<example_interfaces::msg::Bool_<std::allocator<void> > >[m[Kâ€™} to â€˜[01m[Kbool[m[Kâ€™ in assignment
[1.742s]    20 |     right = [01;31m[Kmsg[m[K;
[1.742s]       |             [01;31m[K^~~[m[K
[1.742s]       |             [01;31m[K|[m[K
[1.742s]       |             [01;31m[Kconst SharedPtr {aka const std::shared_ptr<example_interfaces::msg::Bool_<std::allocator<void> > >}[m[K
[3.007s] make[2]: *** [CMakeFiles/avoidance.dir/build.make:63: CMakeFiles/avoidance.dir/src/avoidance.cpp.o] Error 1
[3.008s] make[1]: *** [CMakeFiles/Makefile2:107: CMakeFiles/avoidance.dir/all] Error 2
[3.008s] make[1]: *** Se espera a que terminen otras tareas....
[4.842s] [ 75%] [32m[1mLinking CXX executable detector[0m
[5.400s] [ 75%] Built target detector
[5.402s] make: *** [Makefile:141: all] Error 2
[5.404s] Invoked command in '/home/usuario/Documentos/GitHub/IR2117/tb3_ws/build/obstacles' returned '2': CMAKE_PREFIX_PATH=/opt/ros/foxy /usr/bin/cmake --build /home/usuario/Documentos/GitHub/IR2117/tb3_ws/build/obstacles -- -j6 -l6
